<?xml version="1.0" encoding="UTF-8"?>
<testsuite xmlns:xsi="http://www.w3.org/2001/XMLSchema-instance" xsi:noNamespaceSchemaLocation="https://maven.apache.org/surefire/maven-surefire-plugin/xsd/surefire-test-report-3.0.xsd" version="3.0" name="com.udacity.catpoint.secservice.service.SecurityServiceTests" time="1.425" tests="33" errors="0" skipped="0" failures="0">
  <properties>
[...]
</properties>
  <testcase name="verifyThatSystemWhenArmedHome_and_CatsAppear_NotifyHooman" classname="com.udacity.catpoint.secservice.service.SecurityServiceTests" time="1.175"/>
  <testcase name="codeCoverageForStatusListeners" classname="com.udacity.catpoint.secservice.service.SecurityServiceTests" time="0.005"/>
  <testcase name="verifyThatSystemIsAlarmed_when_SystemInActivePendingStateIsNotifiedByASensor(ArmingStatus, List)[1]" classname="com.udacity.catpoint.secservice.service.SecurityServiceTests" time="0.028"/>
  <testcase name="verifyThatSystemIsAlarmed_when_SystemInActivePendingStateIsNotifiedByASensor(ArmingStatus, List)[2]" classname="com.udacity.catpoint.secservice.service.SecurityServiceTests" time="0.005"/>
  <testcase name="verifyThatWhenSystemIsArmedHome_and_CatAppears_then_IntimateHooman" classname="com.udacity.catpoint.secservice.service.SecurityServiceTests" time="0.004"/>
  <testcase name="verifyThatSystemIsAlarmed_when_ANewSenorIsActivated_and_SystemIsInActivePendingState" classname="com.udacity.catpoint.secservice.service.SecurityServiceTests" time="0.006"/>
  <testcase name="verifyThatSystemIsAlarmed_when_ANewSenorIsActivated_and_SystemIsInActivePendingState" classname="com.udacity.catpoint.secservice.service.SecurityServiceTests" time="0.004"/>
  <testcase name="verifyThatSystemIsAlarmed_when_ANewSenorIsActivated_and_SystemIsInActivePendingState" classname="com.udacity.catpoint.secservice.service.SecurityServiceTests" time="0.005"/>
  <testcase name="verifyThatSystemIsAlarmed_when_ANewSenorIsActivated_and_SystemIsInActivePendingState" classname="com.udacity.catpoint.secservice.service.SecurityServiceTests" time="0.003"/>
  <testcase name="verifyThatSystemIsAlarmed_when_ANewSenorIsActivated_and_SystemIsInActivePendingState" classname="com.udacity.catpoint.secservice.service.SecurityServiceTests" time="0.005"/>
  <testcase name="verifyThatSystemIsInPendingState_when_AlarmIsArmed_and_SensorIsActivated(ArmingStatus, SensorType)[1]" classname="com.udacity.catpoint.secservice.service.SecurityServiceTests" time="0.004"/>
  <testcase name="verifyThatSystemIsInPendingState_when_AlarmIsArmed_and_SensorIsActivated(ArmingStatus, SensorType)[2]" classname="com.udacity.catpoint.secservice.service.SecurityServiceTests" time="0.003"/>
  <testcase name="verifyThatSystemIsInPendingState_when_AlarmIsArmed_and_SensorIsActivated(ArmingStatus, SensorType)[3]" classname="com.udacity.catpoint.secservice.service.SecurityServiceTests" time="0.003"/>
  <testcase name="verifyThatSystemIsInPendingState_when_AlarmIsArmed_and_SensorIsActivated(ArmingStatus, SensorType)[4]" classname="com.udacity.catpoint.secservice.service.SecurityServiceTests" time="0.004"/>
  <testcase name="verifyThatSystemIsInPendingState_when_AlarmIsArmed_and_SensorIsActivated(ArmingStatus, SensorType)[5]" classname="com.udacity.catpoint.secservice.service.SecurityServiceTests" time="0.003"/>
  <testcase name="verifyThatSystemIsInPendingState_when_AlarmIsArmed_and_SensorIsActivated(ArmingStatus, SensorType)[6]" classname="com.udacity.catpoint.secservice.service.SecurityServiceTests" time="0.003"/>
  <testcase name="codeCoverageForSensors" classname="com.udacity.catpoint.secservice.service.SecurityServiceTests" time="0.002"/>
  <testcase name="verifyThatWhenSystemIsArmedHome_and_CatAreDead_AlongWithNoActiveSenors_then_TurnOffAlarm" classname="com.udacity.catpoint.secservice.service.SecurityServiceTests" time="0.003"/>
  <testcase name="verifyThatIfSystemIsDisarmed_then_ThereIsNoAlarm" classname="com.udacity.catpoint.secservice.service.SecurityServiceTests" time="0.002"/>
  <testcase name="verifyThatSystemAlarmIsUnaffected_by_AChangeInSenorState(SensorType, boolean)[1]" classname="com.udacity.catpoint.secservice.service.SecurityServiceTests" time="0.015"/>
  <testcase name="verifyThatSystemAlarmIsUnaffected_by_AChangeInSenorState(SensorType, boolean)[2]" classname="com.udacity.catpoint.secservice.service.SecurityServiceTests" time="0.003"/>
  <testcase name="verifyThatSystemAlarmIsUnaffected_by_AChangeInSenorState(SensorType, boolean)[3]" classname="com.udacity.catpoint.secservice.service.SecurityServiceTests" time="0.004"/>
  <testcase name="verifyThatSystemAlarmIsUnaffected_by_AChangeInSenorState(SensorType, boolean)[4]" classname="com.udacity.catpoint.secservice.service.SecurityServiceTests" time="0.003"/>
  <testcase name="verifyThatSystemAlarmIsUnaffected_by_AChangeInSenorState(SensorType, boolean)[5]" classname="com.udacity.catpoint.secservice.service.SecurityServiceTests" time="0.003"/>
  <testcase name="verifyThatSystemAlarmIsUnaffected_by_AChangeInSenorState(SensorType, boolean)[6]" classname="com.udacity.catpoint.secservice.service.SecurityServiceTests" time="0.003"/>
  <testcase name="verifyThatSystemSenorsAreReset_when_ArmingStateChanges(ArmingStatus)[1]" classname="com.udacity.catpoint.secservice.service.SecurityServiceTests" time="0.004"/>
  <testcase name="verifyThatSystemSenorsAreReset_when_ArmingStateChanges(ArmingStatus)[2]" classname="com.udacity.catpoint.secservice.service.SecurityServiceTests" time="0.003"/>
  <testcase name="verifyThatWhenSenorIsDisabled_Then_AlarmRemainsUnaffected(SensorType)[1]" classname="com.udacity.catpoint.secservice.service.SecurityServiceTests" time="0.003"/>
  <testcase name="verifyThatWhenSenorIsDisabled_Then_AlarmRemainsUnaffected(SensorType)[2]" classname="com.udacity.catpoint.secservice.service.SecurityServiceTests" time="0.003"/>
  <testcase name="verifyThatWhenSenorIsDisabled_Then_AlarmRemainsUnaffected(SensorType)[3]" classname="com.udacity.catpoint.secservice.service.SecurityServiceTests" time="0.003"/>
  <testcase name="verifyThatSystemIsNotAlarmed_when_SystemInActivePendingStateHasNoSenorsEnabled(SensorType)[1]" classname="com.udacity.catpoint.secservice.service.SecurityServiceTests" time="0.003"/>
  <testcase name="verifyThatSystemIsNotAlarmed_when_SystemInActivePendingStateHasNoSenorsEnabled(SensorType)[2]" classname="com.udacity.catpoint.secservice.service.SecurityServiceTests" time="0.003"/>
  <testcase name="verifyThatSystemIsNotAlarmed_when_SystemInActivePendingStateHasNoSenorsEnabled(SensorType)[3]" classname="com.udacity.catpoint.secservice.service.SecurityServiceTests" time="0.002"/>
</testsuite>